<?xml version="1.0" encoding="UTF-8"?>
<!-- Generated by org.testng.reporters.JUnitReportReporter -->
<testsuite hostname="DESKTOP-4VDH1B5" failures="0" tests="4" name="cucumberOptions.TestNGTestRunner" time="84.045" errors="0" timestamp="2022-05-05T16:40:26 EDT" skipped="0">
  <testcase classname="cucumberOptions.TestNGTestRunner" name="runScenario" time="21.959"/>
  <system-out/>
  <testcase classname="cucumberOptions.TestNGTestRunner" name="runScenario" time="17.597"/>
  <system-out/>
  <testcase classname="cucumberOptions.TestNGTestRunner" name="runScenario" time="22.377"/>
  <system-out/>
  <testcase classname="cucumberOptions.TestNGTestRunner" name="runScenario" time="22.112"/>
  <system-out/>
</testsuite> <!-- cucumberOptions.TestNGTestRunner -->
